[2019-07-02T15:22:27.446] [ERROR] default - TeamClass error 2019-7-2 15:22:27 ReferenceError: ic is not defined
    at TeamClass.loopTeam (/Users/admin/project/webExample/troy-ser/class/TeamClass.js:22:30)
[2019-07-02T15:22:37.448] [ERROR] default - TeamClass error 2019-7-2 15:22:37 ReferenceError: ic is not defined
    at TeamClass.loopTeam (/Users/admin/project/webExample/troy-ser/class/TeamClass.js:22:30)
[2019-07-02T15:22:47.453] [ERROR] default - TeamClass error 2019-7-2 15:22:47 ReferenceError: ic is not defined
    at TeamClass.loopTeam (/Users/admin/project/webExample/troy-ser/class/TeamClass.js:22:30)
[2019-07-02T15:22:57.455] [ERROR] default - TeamClass error 2019-7-2 15:22:57 ReferenceError: ic is not defined
    at TeamClass.loopTeam (/Users/admin/project/webExample/troy-ser/class/TeamClass.js:22:30)
[2019-07-02T15:23:07.466] [ERROR] default - TeamClass error 2019-7-2 15:23:7 ReferenceError: ic is not defined
    at TeamClass.loopTeam (/Users/admin/project/webExample/troy-ser/class/TeamClass.js:22:30)
[2019-07-02T15:23:17.463] [ERROR] default - TeamClass error 2019-7-2 15:23:17 ReferenceError: ic is not defined
    at TeamClass.loopTeam (/Users/admin/project/webExample/troy-ser/class/TeamClass.js:22:30)
[2019-07-02T15:23:27.464] [ERROR] default - TeamClass error 2019-7-2 15:23:27 ReferenceError: ic is not defined
    at TeamClass.loopTeam (/Users/admin/project/webExample/troy-ser/class/TeamClass.js:22:30)
[2019-07-02T15:23:37.466] [ERROR] default - TeamClass error 2019-7-2 15:23:37 ReferenceError: ic is not defined
    at TeamClass.loopTeam (/Users/admin/project/webExample/troy-ser/class/TeamClass.js:22:30)
[2019-07-02T15:23:47.469] [ERROR] default - TeamClass error 2019-7-2 15:23:47 ReferenceError: ic is not defined
    at TeamClass.loopTeam (/Users/admin/project/webExample/troy-ser/class/TeamClass.js:22:30)
[2019-07-02T15:23:57.472] [ERROR] default - TeamClass error 2019-7-2 15:23:57 ReferenceError: ic is not defined
    at TeamClass.loopTeam (/Users/admin/project/webExample/troy-ser/class/TeamClass.js:22:30)
[2019-07-02T15:24:07.472] [ERROR] default - TeamClass error 2019-7-2 15:24:7 ReferenceError: ic is not defined
    at TeamClass.loopTeam (/Users/admin/project/webExample/troy-ser/class/TeamClass.js:22:30)
[2019-07-02T18:28:37.977] [ERROR] default - register 2019-7-2 18:28:37 ReferenceError: directMember is not defined
    at register (/Users/admin/project/webExample/troy-ser/api/users/register.js:54:22)
[2019-07-02T18:28:39.311] [ERROR] default - register 2019-7-2 18:28:39 ReferenceError: directMember is not defined
    at register (/Users/admin/project/webExample/troy-ser/api/users/register.js:54:22)
[2019-07-02T18:29:50.230] [ERROR] default - register 2019-7-2 18:29:50 { DatabaseError [SequelizeDatabaseError]: Field 'totalInvet' doesn't have a default value
    at Query.formatError (/Users/admin/project/webExample/troy-ser/node_modules/sequelize/lib/dialects/mysql/query.js:247:16)
    at Query.handler [as onResult] (/Users/admin/project/webExample/troy-ser/node_modules/sequelize/lib/dialects/mysql/query.js:68:23)
    at Query.execute (/Users/admin/project/webExample/troy-ser/node_modules/mysql2/lib/commands/command.js:30:14)
    at Connection.handlePacket (/Users/admin/project/webExample/troy-ser/node_modules/mysql2/lib/connection.js:449:32)
    at PacketParser.Connection.packetParser.p [as onPacket] (/Users/admin/project/webExample/troy-ser/node_modules/mysql2/lib/connection.js:72:12)
    at PacketParser.executeStart (/Users/admin/project/webExample/troy-ser/node_modules/mysql2/lib/packet_parser.js:75:16)
    at Socket.Connection.stream.on.data (/Users/admin/project/webExample/troy-ser/node_modules/mysql2/lib/connection.js:79:25)
    at Socket.emit (events.js:193:13)
    at addChunk (_stream_readable.js:295:12)
    at readableAddChunk (_stream_readable.js:276:11)
    at Socket.Readable.push (_stream_readable.js:231:10)
    at TCP.onStreamRead (internal/stream_base_commons.js:150:17)
  name: 'SequelizeDatabaseError',
  parent:
   { Error: Field 'totalInvet' doesn't have a default value
       at Packet.asError (/Users/admin/project/webExample/troy-ser/node_modules/mysql2/lib/packets/packet.js:684:17)
       at Query.execute (/Users/admin/project/webExample/troy-ser/node_modules/mysql2/lib/commands/command.js:28:26)
       at Connection.handlePacket (/Users/admin/project/webExample/troy-ser/node_modules/mysql2/lib/connection.js:449:32)
       at PacketParser.Connection.packetParser.p [as onPacket] (/Users/admin/project/webExample/troy-ser/node_modules/mysql2/lib/connection.js:72:12)
       at PacketParser.executeStart (/Users/admin/project/webExample/troy-ser/node_modules/mysql2/lib/packet_parser.js:75:16)
       at Socket.Connection.stream.on.data (/Users/admin/project/webExample/troy-ser/node_modules/mysql2/lib/connection.js:79:25)
       at Socket.emit (events.js:193:13)
       at addChunk (_stream_readable.js:295:12)
       at readableAddChunk (_stream_readable.js:276:11)
       at Socket.Readable.push (_stream_readable.js:231:10)
       at TCP.onStreamRead (internal/stream_base_commons.js:150:17)
     code: 'ER_NO_DEFAULT_FOR_FIELD',
     errno: 1364,
     sqlState: 'HY000',
     sqlMessage: "Field 'totalInvet' doesn't have a default value",
     sql:
      "INSERT INTO `etzadmin` (`e_id`,`nick_name`,`role`,`user_type`,`email`,`trade_pwd_origin`,`login_pwd_origin`,`invite_code`,`invite2_code`,`etz_value`,`usd_value`,`lock_values`,`last_login_time`,`last_login_ip`,`regist_time`,`update_time`,`address`,`isInveted`,`node_member`,`state`,`isNew`,`totalInvetDay`,`benefitBalance`,`totalBenefit`,`staticBenefitBalance`,`totalStaticBenefit`,`staticBenefitDay`,`teamMember`,`directMember`,`teamInvet`,`type_1_total`,`type_2_total`,`type_3_total`,`type_4_total`,`iscalculte`) VALUES (NULL,'hello',0,0,'welling1234@gmail.com','25d55ad283aa400af464c76d713c07ad','e10adc3949ba59abbe56e057f20f883e','123456','6117ce',0,0,0,'0','0.0.0.0',1562063390206,1562063390206,'0x097c9fcd14beeba86c66e02be77ae27d96201b1c',0,0,0,0,0,0,0,0,0,0,0,0,0,0,0,0,0,0);" },
  original:
   { Error: Field 'totalInvet' doesn't have a default value
       at Packet.asError (/Users/admin/project/webExample/troy-ser/node_modules/mysql2/lib/packets/packet.js:684:17)
       at Query.execute (/Users/admin/project/webExample/troy-ser/node_modules/mysql2/lib/commands/command.js:28:26)
       at Connection.handlePacket (/Users/admin/project/webExample/troy-ser/node_modules/mysql2/lib/connection.js:449:32)
       at PacketParser.Connection.packetParser.p [as onPacket] (/Users/admin/project/webExample/troy-ser/node_modules/mysql2/lib/connection.js:72:12)
       at PacketParser.executeStart (/Users/admin/project/webExample/troy-ser/node_modules/mysql2/lib/packet_parser.js:75:16)
       at Socket.Connection.stream.on.data (/Users/admin/project/webExample/troy-ser/node_modules/mysql2/lib/connection.js:79:25)
       at Socket.emit (events.js:193:13)
       at addChunk (_stream_readable.js:295:12)
       at readableAddChunk (_stream_readable.js:276:11)
       at Socket.Readable.push (_stream_readable.js:231:10)
       at TCP.onStreamRead (internal/stream_base_commons.js:150:17)
     code: 'ER_NO_DEFAULT_FOR_FIELD',
     errno: 1364,
     sqlState: 'HY000',
     sqlMessage: "Field 'totalInvet' doesn't have a default value",
     sql:
      "INSERT INTO `etzadmin` (`e_id`,`nick_name`,`role`,`user_type`,`email`,`trade_pwd_origin`,`login_pwd_origin`,`invite_code`,`invite2_code`,`etz_value`,`usd_value`,`lock_values`,`last_login_time`,`last_login_ip`,`regist_time`,`update_time`,`address`,`isInveted`,`node_member`,`state`,`isNew`,`totalInvetDay`,`benefitBalance`,`totalBenefit`,`staticBenefitBalance`,`totalStaticBenefit`,`staticBenefitDay`,`teamMember`,`directMember`,`teamInvet`,`type_1_total`,`type_2_total`,`type_3_total`,`type_4_total`,`iscalculte`) VALUES (NULL,'hello',0,0,'welling1234@gmail.com','25d55ad283aa400af464c76d713c07ad','e10adc3949ba59abbe56e057f20f883e','123456','6117ce',0,0,0,'0','0.0.0.0',1562063390206,1562063390206,'0x097c9fcd14beeba86c66e02be77ae27d96201b1c',0,0,0,0,0,0,0,0,0,0,0,0,0,0,0,0,0,0);" },
  sql:
   "INSERT INTO `etzadmin` (`e_id`,`nick_name`,`role`,`user_type`,`email`,`trade_pwd_origin`,`login_pwd_origin`,`invite_code`,`invite2_code`,`etz_value`,`usd_value`,`lock_values`,`last_login_time`,`last_login_ip`,`regist_time`,`update_time`,`address`,`isInveted`,`node_member`,`state`,`isNew`,`totalInvetDay`,`benefitBalance`,`totalBenefit`,`staticBenefitBalance`,`totalStaticBenefit`,`staticBenefitDay`,`teamMember`,`directMember`,`teamInvet`,`type_1_total`,`type_2_total`,`type_3_total`,`type_4_total`,`iscalculte`) VALUES (NULL,'hello',0,0,'welling1234@gmail.com','25d55ad283aa400af464c76d713c07ad','e10adc3949ba59abbe56e057f20f883e','123456','6117ce',0,0,0,'0','0.0.0.0',1562063390206,1562063390206,'0x097c9fcd14beeba86c66e02be77ae27d96201b1c',0,0,0,0,0,0,0,0,0,0,0,0,0,0,0,0,0,0);" }
